{"/Users/joshuastupplebeen/projects/temporal-collections/src/index.js": {"path":"/Users/joshuastupplebeen/projects/temporal-collections/src/index.js","statementMap":{},"fnMap":{},"branchMap":{},"s":{},"f":{},"b":{},"_coverageSchema":"1a1c01bbd47fc00a2c39e90264f33305004495a9","hash":"879a789ecbe08ff1d3f1d8ba30381415ea31102e"}
,"/Users/joshuastupplebeen/projects/temporal-collections/src/nodes.js": {"path":"/Users/joshuastupplebeen/projects/temporal-collections/src/nodes.js","statementMap":{"0":{"start":{"line":5,"column":4},"end":{"line":5,"column":18}},"1":{"start":{"line":6,"column":4},"end":{"line":6,"column":25}},"2":{"start":{"line":7,"column":4},"end":{"line":7,"column":25}},"3":{"start":{"line":8,"column":4},"end":{"line":8,"column":28}},"4":{"start":{"line":9,"column":4},"end":{"line":9,"column":22}},"5":{"start":{"line":13,"column":4},"end":{"line":13,"column":74}},"6":{"start":{"line":17,"column":4},"end":{"line":17,"column":19}},"7":{"start":{"line":21,"column":4},"end":{"line":21,"column":30}},"8":{"start":{"line":26,"column":4},"end":{"line":26,"column":20}},"9":{"start":{"line":30,"column":4},"end":{"line":30,"column":40}},"10":{"start":{"line":34,"column":23},"end":{"line":34,"column":69}},"11":{"start":{"line":34,"column":39},"end":{"line":34,"column":69}},"12":{"start":{"line":36,"column":0},"end":{"line":38,"column":1}}},"fnMap":{"0":{"name":"(anonymous_0)","decl":{"start":{"line":4,"column":2},"end":{"line":4,"column":3}},"loc":{"start":{"line":4,"column":19},"end":{"line":10,"column":3}},"line":4},"1":{"name":"(anonymous_1)","decl":{"start":{"line":12,"column":2},"end":{"line":12,"column":3}},"loc":{"start":{"line":12,"column":13},"end":{"line":14,"column":3}},"line":12},"2":{"name":"(anonymous_2)","decl":{"start":{"line":16,"column":2},"end":{"line":16,"column":3}},"loc":{"start":{"line":16,"column":9},"end":{"line":18,"column":3}},"line":16},"3":{"name":"(anonymous_3)","decl":{"start":{"line":20,"column":2},"end":{"line":20,"column":3}},"loc":{"start":{"line":20,"column":15},"end":{"line":22,"column":3}},"line":20},"4":{"name":"(anonymous_4)","decl":{"start":{"line":25,"column":2},"end":{"line":25,"column":3}},"loc":{"start":{"line":25,"column":9},"end":{"line":27,"column":3}},"line":25},"5":{"name":"(anonymous_5)","decl":{"start":{"line":29,"column":2},"end":{"line":29,"column":3}},"loc":{"start":{"line":29,"column":12},"end":{"line":31,"column":3}},"line":29},"6":{"name":"(anonymous_6)","decl":{"start":{"line":34,"column":23},"end":{"line":34,"column":24}},"loc":{"start":{"line":34,"column":39},"end":{"line":34,"column":69}},"line":34}},"branchMap":{"0":{"loc":{"start":{"line":13,"column":11},"end":{"line":13,"column":74}},"type":"cond-expr","locations":[{"start":{"line":13,"column":37},"end":{"line":13,"column":52}},{"start":{"line":13,"column":55},"end":{"line":13,"column":74}}],"line":13}},"s":{"0":19,"1":19,"2":19,"3":19,"4":19,"5":9,"6":0,"7":27,"8":0,"9":0,"10":3,"11":19,"12":3},"f":{"0":19,"1":9,"2":0,"3":27,"4":0,"5":0,"6":19},"b":{"0":[4,5]},"_coverageSchema":"1a1c01bbd47fc00a2c39e90264f33305004495a9","hash":"b43388ad2ca40f6e5ad9a01e8253b17ce7113325"}
,"/Users/joshuastupplebeen/projects/temporal-collections/src/partialPersistence/PartiallyPersistentList.js": {"path":"/Users/joshuastupplebeen/projects/temporal-collections/src/partialPersistence/PartiallyPersistentList.js","statementMap":{"0":{"start":{"line":5,"column":4},"end":{"line":5,"column":53}},"1":{"start":{"line":6,"column":4},"end":{"line":6,"column":33}},"2":{"start":{"line":7,"column":4},"end":{"line":7,"column":18}},"3":{"start":{"line":8,"column":4},"end":{"line":8,"column":18}},"4":{"start":{"line":9,"column":4},"end":{"line":9,"column":39}},"5":{"start":{"line":10,"column":4},"end":{"line":10,"column":32}},"6":{"start":{"line":11,"column":4},"end":{"line":11,"column":42}},"7":{"start":{"line":12,"column":4},"end":{"line":12,"column":30}},"8":{"start":{"line":16,"column":4},"end":{"line":20,"column":5}},"9":{"start":{"line":17,"column":6},"end":{"line":19,"column":7}},"10":{"start":{"line":21,"column":4},"end":{"line":21,"column":53}},"11":{"start":{"line":26,"column":4},"end":{"line":28,"column":5}},"12":{"start":{"line":27,"column":6},"end":{"line":27,"column":49}},"13":{"start":{"line":30,"column":20},"end":{"line":30,"column":40}},"14":{"start":{"line":31,"column":4},"end":{"line":31,"column":23}},"15":{"start":{"line":32,"column":4},"end":{"line":32,"column":51}},"16":{"start":{"line":33,"column":4},"end":{"line":33,"column":15}},"17":{"start":{"line":38,"column":18},"end":{"line":38,"column":38}},"18":{"start":{"line":39,"column":19},"end":{"line":39,"column":44}},"19":{"start":{"line":40,"column":4},"end":{"line":40,"column":63}},"20":{"start":{"line":45,"column":19},"end":{"line":45,"column":32}},"21":{"start":{"line":46,"column":20},"end":{"line":46,"column":38}},"22":{"start":{"line":48,"column":4},"end":{"line":54,"column":5}},"23":{"start":{"line":49,"column":6},"end":{"line":51,"column":7}},"24":{"start":{"line":50,"column":8},"end":{"line":50,"column":20}},"25":{"start":{"line":52,"column":6},"end":{"line":52,"column":30}},"26":{"start":{"line":53,"column":6},"end":{"line":53,"column":32}},"27":{"start":{"line":55,"column":4},"end":{"line":57,"column":5}},"28":{"start":{"line":56,"column":6},"end":{"line":56,"column":17}},"29":{"start":{"line":58,"column":4},"end":{"line":58,"column":16}},"30":{"start":{"line":62,"column":30},"end":{"line":62,"column":32}},"31":{"start":{"line":63,"column":15},"end":{"line":63,"column":28}},"32":{"start":{"line":64,"column":4},"end":{"line":64,"column":38}},"33":{"start":{"line":65,"column":4},"end":{"line":68,"column":5}},"34":{"start":{"line":66,"column":6},"end":{"line":66,"column":22}},"35":{"start":{"line":67,"column":6},"end":{"line":67,"column":40}},"36":{"start":{"line":69,"column":4},"end":{"line":69,"column":30}},"37":{"start":{"line":73,"column":4},"end":{"line":75,"column":5}},"38":{"start":{"line":74,"column":6},"end":{"line":74,"column":106}},"39":{"start":{"line":78,"column":4},"end":{"line":78,"column":47}},"40":{"start":{"line":81,"column":4},"end":{"line":81,"column":15}},"41":{"start":{"line":86,"column":4},"end":{"line":86,"column":24}},"42":{"start":{"line":89,"column":4},"end":{"line":89,"column":24}},"43":{"start":{"line":92,"column":4},"end":{"line":92,"column":31}},"44":{"start":{"line":95,"column":4},"end":{"line":99,"column":5}},"45":{"start":{"line":96,"column":6},"end":{"line":96,"column":40}},"46":{"start":{"line":98,"column":6},"end":{"line":98,"column":78}},"47":{"start":{"line":100,"column":4},"end":{"line":100,"column":29}},"48":{"start":{"line":101,"column":4},"end":{"line":101,"column":15}},"49":{"start":{"line":104,"column":4},"end":{"line":108,"column":5}},"50":{"start":{"line":105,"column":6},"end":{"line":105,"column":40}},"51":{"start":{"line":107,"column":6},"end":{"line":107,"column":77}},"52":{"start":{"line":109,"column":4},"end":{"line":109,"column":29}},"53":{"start":{"line":110,"column":4},"end":{"line":110,"column":15}},"54":{"start":{"line":113,"column":4},"end":{"line":113,"column":30}},"55":{"start":{"line":114,"column":4},"end":{"line":114,"column":35}},"56":{"start":{"line":118,"column":4},"end":{"line":120,"column":5}},"57":{"start":{"line":119,"column":6},"end":{"line":119,"column":58}},"58":{"start":{"line":121,"column":4},"end":{"line":121,"column":45}},"59":{"start":{"line":121,"column":17},"end":{"line":121,"column":18}},"60":{"start":{"line":125,"column":4},"end":{"line":127,"column":5}},"61":{"start":{"line":126,"column":6},"end":{"line":126,"column":61}},"62":{"start":{"line":128,"column":4},"end":{"line":128,"column":45}},"63":{"start":{"line":128,"column":17},"end":{"line":128,"column":18}},"64":{"start":{"line":133,"column":4},"end":{"line":133,"column":28}},"65":{"start":{"line":136,"column":4},"end":{"line":136,"column":66}},"66":{"start":{"line":139,"column":4},"end":{"line":139,"column":66}},"67":{"start":{"line":144,"column":20},"end":{"line":144,"column":22}},"68":{"start":{"line":145,"column":19},"end":{"line":145,"column":32}},"69":{"start":{"line":146,"column":4},"end":{"line":152,"column":5}},"70":{"start":{"line":147,"column":6},"end":{"line":149,"column":7}},"71":{"start":{"line":148,"column":8},"end":{"line":148,"column":33}},"72":{"start":{"line":150,"column":6},"end":{"line":150,"column":38}},"73":{"start":{"line":151,"column":6},"end":{"line":151,"column":30}},"74":{"start":{"line":153,"column":4},"end":{"line":155,"column":5}},"75":{"start":{"line":154,"column":6},"end":{"line":154,"column":31}},"76":{"start":{"line":156,"column":4},"end":{"line":156,"column":44}},"77":{"start":{"line":157,"column":4},"end":{"line":157,"column":20}},"78":{"start":{"line":161,"column":24},"end":{"line":161,"column":40}},"79":{"start":{"line":163,"column":4},"end":{"line":167,"column":5}},"80":{"start":{"line":164,"column":6},"end":{"line":164,"column":69}},"81":{"start":{"line":166,"column":6},"end":{"line":166,"column":71}},"82":{"start":{"line":168,"column":4},"end":{"line":168,"column":30}},"83":{"start":{"line":169,"column":4},"end":{"line":169,"column":30}},"84":{"start":{"line":170,"column":4},"end":{"line":172,"column":5}},"85":{"start":{"line":171,"column":6},"end":{"line":171,"column":29}},"86":{"start":{"line":173,"column":4},"end":{"line":173,"column":28}},"87":{"start":{"line":174,"column":4},"end":{"line":174,"column":15}},"88":{"start":{"line":179,"column":4},"end":{"line":188,"column":5}},"89":{"start":{"line":181,"column":8},"end":{"line":186,"column":9}},"90":{"start":{"line":182,"column":10},"end":{"line":182,"column":67}},"91":{"start":{"line":184,"column":10},"end":{"line":184,"column":24}},"92":{"start":{"line":185,"column":10},"end":{"line":185,"column":31}},"93":{"start":{"line":194,"column":15},"end":{"line":194,"column":28}},"94":{"start":{"line":195,"column":4},"end":{"line":197,"column":5}},"95":{"start":{"line":196,"column":6},"end":{"line":196,"column":22}},"96":{"start":{"line":198,"column":4},"end":{"line":198,"column":15}},"97":{"start":{"line":203,"column":4},"end":{"line":207,"column":5}},"98":{"start":{"line":204,"column":6},"end":{"line":206,"column":7}},"99":{"start":{"line":208,"column":24},"end":{"line":208,"column":40}},"100":{"start":{"line":209,"column":20},"end":{"line":211,"column":26}},"101":{"start":{"line":212,"column":4},"end":{"line":212,"column":30}},"102":{"start":{"line":213,"column":4},"end":{"line":213,"column":30}},"103":{"start":{"line":214,"column":4},"end":{"line":214,"column":27}},"104":{"start":{"line":215,"column":4},"end":{"line":215,"column":28}},"105":{"start":{"line":216,"column":4},"end":{"line":216,"column":15}},"106":{"start":{"line":220,"column":4},"end":{"line":224,"column":5}},"107":{"start":{"line":221,"column":6},"end":{"line":223,"column":7}},"108":{"start":{"line":225,"column":24},"end":{"line":225,"column":40}},"109":{"start":{"line":227,"column":6},"end":{"line":229,"column":28}},"110":{"start":{"line":230,"column":4},"end":{"line":230,"column":30}},"111":{"start":{"line":231,"column":4},"end":{"line":231,"column":30}},"112":{"start":{"line":232,"column":4},"end":{"line":232,"column":27}},"113":{"start":{"line":233,"column":4},"end":{"line":233,"column":28}},"114":{"start":{"line":234,"column":4},"end":{"line":234,"column":15}},"115":{"start":{"line":239,"column":20},"end":{"line":239,"column":39}},"116":{"start":{"line":240,"column":4},"end":{"line":240,"column":42}},"117":{"start":{"line":241,"column":4},"end":{"line":241,"column":15}},"118":{"start":{"line":251,"column":4},"end":{"line":259,"column":5}},"119":{"start":{"line":252,"column":6},"end":{"line":252,"column":17}},"120":{"start":{"line":253,"column":11},"end":{"line":259,"column":5}},"121":{"start":{"line":254,"column":6},"end":{"line":254,"column":17}},"122":{"start":{"line":256,"column":22},"end":{"line":256,"column":44}},"123":{"start":{"line":257,"column":6},"end":{"line":257,"column":47}},"124":{"start":{"line":258,"column":6},"end":{"line":258,"column":17}},"125":{"start":{"line":263,"column":4},"end":{"line":263,"column":39}},"126":{"start":{"line":274,"column":15},"end":{"line":274,"column":23}},"127":{"start":{"line":275,"column":14},"end":{"line":275,"column":16}},"128":{"start":{"line":276,"column":4},"end":{"line":279,"column":5}},"129":{"start":{"line":277,"column":6},"end":{"line":277,"column":28}},"130":{"start":{"line":278,"column":6},"end":{"line":278,"column":22}},"131":{"start":{"line":280,"column":4},"end":{"line":280,"column":14}},"132":{"start":{"line":283,"column":15},"end":{"line":283,"column":23}},"133":{"start":{"line":284,"column":4},"end":{"line":284,"column":14}},"134":{"start":{"line":285,"column":4},"end":{"line":288,"column":5}},"135":{"start":{"line":286,"column":6},"end":{"line":286,"column":22}},"136":{"start":{"line":287,"column":6},"end":{"line":287,"column":14}},"137":{"start":{"line":289,"column":4},"end":{"line":289,"column":17}},"138":{"start":{"line":295,"column":2},"end":{"line":295,"column":50}},"139":{"start":{"line":298,"column":32},"end":{"line":298,"column":72}}},"fnMap":{"0":{"name":"(anonymous_0)","decl":{"start":{"line":4,"column":2},"end":{"line":4,"column":3}},"loc":{"start":{"line":4,"column":27},"end":{"line":13,"column":3}},"line":4},"1":{"name":"(anonymous_1)","decl":{"start":{"line":15,"column":2},"end":{"line":15,"column":3}},"loc":{"start":{"line":15,"column":14},"end":{"line":22,"column":3}},"line":15},"2":{"name":"(anonymous_2)","decl":{"start":{"line":25,"column":2},"end":{"line":25,"column":3}},"loc":{"start":{"line":25,"column":14},"end":{"line":34,"column":3}},"line":25},"3":{"name":"(anonymous_3)","decl":{"start":{"line":37,"column":2},"end":{"line":37,"column":3}},"loc":{"start":{"line":37,"column":20},"end":{"line":41,"column":3}},"line":37},"4":{"name":"(anonymous_4)","decl":{"start":{"line":44,"column":2},"end":{"line":44,"column":3}},"loc":{"start":{"line":44,"column":21},"end":{"line":59,"column":3}},"line":44},"5":{"name":"(anonymous_5)","decl":{"start":{"line":61,"column":2},"end":{"line":61,"column":3}},"loc":{"start":{"line":61,"column":12},"end":{"line":70,"column":3}},"line":61},"6":{"name":"(anonymous_6)","decl":{"start":{"line":72,"column":2},"end":{"line":72,"column":3}},"loc":{"start":{"line":72,"column":16},"end":{"line":82,"column":3}},"line":72},"7":{"name":"(anonymous_7)","decl":{"start":{"line":85,"column":2},"end":{"line":85,"column":3}},"loc":{"start":{"line":85,"column":16},"end":{"line":87,"column":3}},"line":85},"8":{"name":"(anonymous_8)","decl":{"start":{"line":88,"column":2},"end":{"line":88,"column":3}},"loc":{"start":{"line":88,"column":20},"end":{"line":90,"column":3}},"line":88},"9":{"name":"(anonymous_9)","decl":{"start":{"line":91,"column":2},"end":{"line":91,"column":3}},"loc":{"start":{"line":91,"column":11},"end":{"line":93,"column":3}},"line":91},"10":{"name":"(anonymous_10)","decl":{"start":{"line":94,"column":2},"end":{"line":94,"column":3}},"loc":{"start":{"line":94,"column":9},"end":{"line":102,"column":3}},"line":94},"11":{"name":"(anonymous_11)","decl":{"start":{"line":103,"column":2},"end":{"line":103,"column":3}},"loc":{"start":{"line":103,"column":9},"end":{"line":111,"column":3}},"line":103},"12":{"name":"(anonymous_12)","decl":{"start":{"line":112,"column":2},"end":{"line":112,"column":3}},"loc":{"start":{"line":112,"column":17},"end":{"line":115,"column":3}},"line":112},"13":{"name":"(anonymous_13)","decl":{"start":{"line":117,"column":2},"end":{"line":117,"column":3}},"loc":{"start":{"line":117,"column":21},"end":{"line":122,"column":3}},"line":117},"14":{"name":"(anonymous_14)","decl":{"start":{"line":124,"column":2},"end":{"line":124,"column":3}},"loc":{"start":{"line":124,"column":24},"end":{"line":129,"column":3}},"line":124},"15":{"name":"(anonymous_15)","decl":{"start":{"line":132,"column":2},"end":{"line":132,"column":3}},"loc":{"start":{"line":132,"column":9},"end":{"line":134,"column":3}},"line":132},"16":{"name":"(anonymous_16)","decl":{"start":{"line":135,"column":2},"end":{"line":135,"column":3}},"loc":{"start":{"line":135,"column":13},"end":{"line":137,"column":3}},"line":135},"17":{"name":"(anonymous_17)","decl":{"start":{"line":138,"column":2},"end":{"line":138,"column":3}},"loc":{"start":{"line":138,"column":12},"end":{"line":140,"column":3}},"line":138},"18":{"name":"(anonymous_18)","decl":{"start":{"line":143,"column":2},"end":{"line":143,"column":3}},"loc":{"start":{"line":143,"column":14},"end":{"line":158,"column":3}},"line":143},"19":{"name":"(anonymous_19)","decl":{"start":{"line":160,"column":2},"end":{"line":160,"column":3}},"loc":{"start":{"line":160,"column":34},"end":{"line":175,"column":3}},"line":160},"20":{"name":"(anonymous_20)","decl":{"start":{"line":178,"column":2},"end":{"line":178,"column":3}},"loc":{"start":{"line":178,"column":22},"end":{"line":189,"column":3}},"line":178},"21":{"name":"(anonymous_21)","decl":{"start":{"line":180,"column":12},"end":{"line":180,"column":13}},"loc":{"start":{"line":180,"column":18},"end":{"line":187,"column":7}},"line":180},"22":{"name":"(anonymous_22)","decl":{"start":{"line":193,"column":2},"end":{"line":193,"column":3}},"loc":{"start":{"line":193,"column":14},"end":{"line":199,"column":3}},"line":193},"23":{"name":"(anonymous_23)","decl":{"start":{"line":202,"column":2},"end":{"line":202,"column":3}},"loc":{"start":{"line":202,"column":9},"end":{"line":217,"column":3}},"line":202},"24":{"name":"(anonymous_24)","decl":{"start":{"line":219,"column":2},"end":{"line":219,"column":3}},"loc":{"start":{"line":219,"column":9},"end":{"line":235,"column":3}},"line":219},"25":{"name":"(anonymous_25)","decl":{"start":{"line":238,"column":2},"end":{"line":238,"column":3}},"loc":{"start":{"line":238,"column":9},"end":{"line":242,"column":3}},"line":238},"26":{"name":"(anonymous_26)","decl":{"start":{"line":250,"column":2},"end":{"line":250,"column":3}},"loc":{"start":{"line":250,"column":18},"end":{"line":260,"column":3}},"line":250},"27":{"name":"(anonymous_27)","decl":{"start":{"line":262,"column":2},"end":{"line":262,"column":3}},"loc":{"start":{"line":262,"column":18},"end":{"line":264,"column":3}},"line":262},"28":{"name":"(anonymous_28)","decl":{"start":{"line":266,"column":2},"end":{"line":266,"column":3}},"loc":{"start":{"line":266,"column":13},"end":{"line":266,"column":15}},"line":266},"29":{"name":"(anonymous_29)","decl":{"start":{"line":269,"column":2},"end":{"line":269,"column":3}},"loc":{"start":{"line":269,"column":10},"end":{"line":269,"column":12}},"line":269},"30":{"name":"(anonymous_30)","decl":{"start":{"line":270,"column":2},"end":{"line":270,"column":3}},"loc":{"start":{"line":270,"column":10},"end":{"line":270,"column":12}},"line":270},"31":{"name":"(anonymous_31)","decl":{"start":{"line":271,"column":2},"end":{"line":271,"column":3}},"loc":{"start":{"line":271,"column":12},"end":{"line":271,"column":14}},"line":271},"32":{"name":"(anonymous_32)","decl":{"start":{"line":272,"column":2},"end":{"line":272,"column":3}},"loc":{"start":{"line":272,"column":11},"end":{"line":272,"column":13}},"line":272},"33":{"name":"(anonymous_33)","decl":{"start":{"line":273,"column":2},"end":{"line":273,"column":3}},"loc":{"start":{"line":273,"column":13},"end":{"line":281,"column":3}},"line":273},"34":{"name":"(anonymous_34)","decl":{"start":{"line":282,"column":2},"end":{"line":282,"column":3}},"loc":{"start":{"line":282,"column":12},"end":{"line":290,"column":3}},"line":282},"35":{"name":"isPartiallyPersistentList","decl":{"start":{"line":294,"column":16},"end":{"line":294,"column":41}},"loc":{"start":{"line":294,"column":49},"end":{"line":296,"column":1}},"line":294},"36":{"name":"(anonymous_36)","decl":{"start":{"line":298,"column":15},"end":{"line":298,"column":16}},"loc":{"start":{"line":298,"column":32},"end":{"line":298,"column":72}},"line":298}},"branchMap":{"0":{"loc":{"start":{"line":5,"column":35},"end":{"line":5,"column":52}},"type":"binary-expr","locations":[{"start":{"line":5,"column":35},"end":{"line":5,"column":46}},{"start":{"line":5,"column":50},"end":{"line":5,"column":52}}],"line":5},"1":{"loc":{"start":{"line":16,"column":4},"end":{"line":20,"column":5}},"type":"if","locations":[{"start":{"line":16,"column":4},"end":{"line":20,"column":5}},{"start":{},"end":{}}],"line":16},"2":{"loc":{"start":{"line":26,"column":4},"end":{"line":28,"column":5}},"type":"if","locations":[{"start":{"line":26,"column":4},"end":{"line":28,"column":5}},{"start":{},"end":{}}],"line":26},"3":{"loc":{"start":{"line":49,"column":6},"end":{"line":51,"column":7}},"type":"if","locations":[{"start":{"line":49,"column":6},"end":{"line":51,"column":7}},{"start":{},"end":{}}],"line":49},"4":{"loc":{"start":{"line":55,"column":4},"end":{"line":57,"column":5}},"type":"if","locations":[{"start":{"line":55,"column":4},"end":{"line":57,"column":5}},{"start":{},"end":{}}],"line":55},"5":{"loc":{"start":{"line":73,"column":4},"end":{"line":75,"column":5}},"type":"if","locations":[{"start":{"line":73,"column":4},"end":{"line":75,"column":5}},{"start":{},"end":{}}],"line":73},"6":{"loc":{"start":{"line":73,"column":8},"end":{"line":73,"column":66}},"type":"binary-expr","locations":[{"start":{"line":73,"column":8},"end":{"line":73,"column":41}},{"start":{"line":73,"column":45},"end":{"line":73,"column":66}}],"line":73},"7":{"loc":{"start":{"line":95,"column":4},"end":{"line":99,"column":5}},"type":"if","locations":[{"start":{"line":95,"column":4},"end":{"line":99,"column":5}},{"start":{"line":97,"column":11},"end":{"line":99,"column":5}}],"line":95},"8":{"loc":{"start":{"line":104,"column":4},"end":{"line":108,"column":5}},"type":"if","locations":[{"start":{"line":104,"column":4},"end":{"line":108,"column":5}},{"start":{"line":106,"column":11},"end":{"line":108,"column":5}}],"line":104},"9":{"loc":{"start":{"line":118,"column":4},"end":{"line":120,"column":5}},"type":"if","locations":[{"start":{"line":118,"column":4},"end":{"line":120,"column":5}},{"start":{},"end":{}}],"line":118},"10":{"loc":{"start":{"line":125,"column":4},"end":{"line":127,"column":5}},"type":"if","locations":[{"start":{"line":125,"column":4},"end":{"line":127,"column":5}},{"start":{},"end":{}}],"line":125},"11":{"loc":{"start":{"line":147,"column":6},"end":{"line":149,"column":7}},"type":"if","locations":[{"start":{"line":147,"column":6},"end":{"line":149,"column":7}},{"start":{},"end":{}}],"line":147},"12":{"loc":{"start":{"line":153,"column":4},"end":{"line":155,"column":5}},"type":"if","locations":[{"start":{"line":153,"column":4},"end":{"line":155,"column":5}},{"start":{},"end":{}}],"line":153},"13":{"loc":{"start":{"line":163,"column":4},"end":{"line":167,"column":5}},"type":"if","locations":[{"start":{"line":163,"column":4},"end":{"line":167,"column":5}},{"start":{"line":165,"column":11},"end":{"line":167,"column":5}}],"line":163},"14":{"loc":{"start":{"line":170,"column":4},"end":{"line":172,"column":5}},"type":"if","locations":[{"start":{"line":170,"column":4},"end":{"line":172,"column":5}},{"start":{},"end":{}}],"line":170},"15":{"loc":{"start":{"line":181,"column":8},"end":{"line":186,"column":9}},"type":"if","locations":[{"start":{"line":181,"column":8},"end":{"line":186,"column":9}},{"start":{"line":183,"column":15},"end":{"line":186,"column":9}}],"line":181},"16":{"loc":{"start":{"line":203,"column":4},"end":{"line":207,"column":5}},"type":"if","locations":[{"start":{"line":203,"column":4},"end":{"line":207,"column":5}},{"start":{},"end":{}}],"line":203},"17":{"loc":{"start":{"line":209,"column":20},"end":{"line":211,"column":26}},"type":"cond-expr","locations":[{"start":{"line":210,"column":8},"end":{"line":210,"column":49}},{"start":{"line":211,"column":8},"end":{"line":211,"column":26}}],"line":209},"18":{"loc":{"start":{"line":220,"column":4},"end":{"line":224,"column":5}},"type":"if","locations":[{"start":{"line":220,"column":4},"end":{"line":224,"column":5}},{"start":{},"end":{}}],"line":220},"19":{"loc":{"start":{"line":227,"column":6},"end":{"line":229,"column":28}},"type":"cond-expr","locations":[{"start":{"line":228,"column":10},"end":{"line":228,"column":55}},{"start":{"line":229,"column":10},"end":{"line":229,"column":28}}],"line":227},"20":{"loc":{"start":{"line":251,"column":4},"end":{"line":259,"column":5}},"type":"if","locations":[{"start":{"line":251,"column":4},"end":{"line":259,"column":5}},{"start":{"line":253,"column":11},"end":{"line":259,"column":5}}],"line":251},"21":{"loc":{"start":{"line":253,"column":11},"end":{"line":259,"column":5}},"type":"if","locations":[{"start":{"line":253,"column":11},"end":{"line":259,"column":5}},{"start":{"line":255,"column":11},"end":{"line":259,"column":5}}],"line":253},"22":{"loc":{"start":{"line":295,"column":9},"end":{"line":295,"column":50}},"type":"binary-expr","locations":[{"start":{"line":295,"column":9},"end":{"line":295,"column":41}},{"start":{"line":295,"column":45},"end":{"line":295,"column":50}}],"line":295}},"s":{"0":10,"1":10,"2":10,"3":10,"4":10,"5":10,"6":10,"7":10,"8":7,"9":0,"10":7,"11":0,"12":0,"13":0,"14":0,"15":0,"16":0,"17":0,"18":0,"19":0,"20":0,"21":0,"22":0,"23":0,"24":0,"25":0,"26":0,"27":0,"28":0,"29":0,"30":0,"31":0,"32":0,"33":0,"34":0,"35":0,"36":0,"37":0,"38":0,"39":0,"40":0,"41":0,"42":1,"43":7,"44":1,"45":1,"46":0,"47":1,"48":1,"49":0,"50":0,"51":0,"52":0,"53":0,"54":0,"55":0,"56":0,"57":0,"58":0,"59":0,"60":0,"61":0,"62":0,"63":0,"64":5,"65":3,"66":1,"67":4,"68":4,"69":4,"70":5,"71":0,"72":5,"73":5,"74":4,"75":3,"76":4,"77":4,"78":7,"79":7,"80":0,"81":7,"82":7,"83":7,"84":7,"85":7,"86":7,"87":7,"88":0,"89":0,"90":0,"91":0,"92":0,"93":48,"94":48,"95":33,"96":48,"97":0,"98":0,"99":0,"100":0,"101":0,"102":0,"103":0,"104":0,"105":0,"106":0,"107":0,"108":0,"109":0,"110":0,"111":0,"112":0,"113":0,"114":0,"115":0,"116":0,"117":0,"118":0,"119":0,"120":0,"121":0,"122":0,"123":0,"124":0,"125":0,"126":0,"127":0,"128":0,"129":0,"130":0,"131":0,"132":0,"133":0,"134":0,"135":0,"136":0,"137":0,"138":1,"139":10},"f":{"0":10,"1":7,"2":0,"3":0,"4":0,"5":0,"6":0,"7":0,"8":1,"9":7,"10":1,"11":0,"12":0,"13":0,"14":0,"15":5,"16":3,"17":1,"18":4,"19":7,"20":0,"21":0,"22":48,"23":0,"24":0,"25":0,"26":0,"27":0,"28":0,"29":0,"30":0,"31":0,"32":0,"33":0,"34":0,"35":1,"36":10},"b":{"0":[10,2],"1":[0,7],"2":[0,0],"3":[0,0],"4":[0,0],"5":[0,0],"6":[0,0],"7":[1,0],"8":[0,0],"9":[0,0],"10":[0,0],"11":[0,5],"12":[3,1],"13":[0,7],"14":[7,0],"15":[0,0],"16":[0,0],"17":[0,0],"18":[0,0],"19":[0,0],"20":[0,0],"21":[0,0],"22":[1,0]},"_coverageSchema":"1a1c01bbd47fc00a2c39e90264f33305004495a9","hash":"9b5f36a5679a4d23f6af7c582104889047603690"}
}
