{"/Users/joshuastupplebeen/projects/temporal-collections/src/index.js": {"path":"/Users/joshuastupplebeen/projects/temporal-collections/src/index.js","statementMap":{},"fnMap":{},"branchMap":{},"s":{},"f":{},"b":{},"_coverageSchema":"1a1c01bbd47fc00a2c39e90264f33305004495a9","hash":"879a789ecbe08ff1d3f1d8ba30381415ea31102e"}
,"/Users/joshuastupplebeen/projects/temporal-collections/src/nodes.js": {"path":"/Users/joshuastupplebeen/projects/temporal-collections/src/nodes.js","statementMap":{"0":{"start":{"line":5,"column":4},"end":{"line":5,"column":18}},"1":{"start":{"line":6,"column":4},"end":{"line":6,"column":25}},"2":{"start":{"line":7,"column":4},"end":{"line":7,"column":25}},"3":{"start":{"line":8,"column":4},"end":{"line":8,"column":28}},"4":{"start":{"line":9,"column":4},"end":{"line":9,"column":22}},"5":{"start":{"line":13,"column":4},"end":{"line":13,"column":76}},"6":{"start":{"line":17,"column":4},"end":{"line":17,"column":19}},"7":{"start":{"line":21,"column":4},"end":{"line":21,"column":30}},"8":{"start":{"line":26,"column":4},"end":{"line":26,"column":20}},"9":{"start":{"line":30,"column":4},"end":{"line":35,"column":6}},"10":{"start":{"line":39,"column":23},"end":{"line":39,"column":69}},"11":{"start":{"line":39,"column":39},"end":{"line":39,"column":69}},"12":{"start":{"line":41,"column":0},"end":{"line":43,"column":1}}},"fnMap":{"0":{"name":"(anonymous_0)","decl":{"start":{"line":4,"column":2},"end":{"line":4,"column":3}},"loc":{"start":{"line":4,"column":19},"end":{"line":10,"column":3}},"line":4},"1":{"name":"(anonymous_1)","decl":{"start":{"line":12,"column":2},"end":{"line":12,"column":3}},"loc":{"start":{"line":12,"column":19},"end":{"line":14,"column":3}},"line":12},"2":{"name":"(anonymous_2)","decl":{"start":{"line":16,"column":2},"end":{"line":16,"column":3}},"loc":{"start":{"line":16,"column":9},"end":{"line":18,"column":3}},"line":16},"3":{"name":"(anonymous_3)","decl":{"start":{"line":20,"column":2},"end":{"line":20,"column":3}},"loc":{"start":{"line":20,"column":15},"end":{"line":22,"column":3}},"line":20},"4":{"name":"(anonymous_4)","decl":{"start":{"line":25,"column":2},"end":{"line":25,"column":3}},"loc":{"start":{"line":25,"column":9},"end":{"line":27,"column":3}},"line":25},"5":{"name":"(anonymous_5)","decl":{"start":{"line":29,"column":2},"end":{"line":29,"column":3}},"loc":{"start":{"line":29,"column":12},"end":{"line":36,"column":3}},"line":29},"6":{"name":"(anonymous_6)","decl":{"start":{"line":39,"column":23},"end":{"line":39,"column":24}},"loc":{"start":{"line":39,"column":39},"end":{"line":39,"column":69}},"line":39}},"branchMap":{"0":{"loc":{"start":{"line":13,"column":11},"end":{"line":13,"column":76}},"type":"cond-expr","locations":[{"start":{"line":13,"column":37},"end":{"line":13,"column":52}},{"start":{"line":13,"column":55},"end":{"line":13,"column":76}}],"line":13}},"s":{"0":4,"1":4,"2":4,"3":4,"4":4,"5":3,"6":0,"7":12,"8":0,"9":0,"10":3,"11":4,"12":3},"f":{"0":4,"1":3,"2":0,"3":12,"4":0,"5":0,"6":4},"b":{"0":[2,1]},"_coverageSchema":"1a1c01bbd47fc00a2c39e90264f33305004495a9","hash":"b545e81aab16e79dbab7cda62e2d98e0ddc1570b"}
,"/Users/joshuastupplebeen/projects/temporal-collections/src/partialPersistence/PartiallyPersistentList.js": {"path":"/Users/joshuastupplebeen/projects/temporal-collections/src/partialPersistence/PartiallyPersistentList.js","statementMap":{"0":{"start":{"line":5,"column":4},"end":{"line":5,"column":53}},"1":{"start":{"line":6,"column":4},"end":{"line":6,"column":33}},"2":{"start":{"line":7,"column":4},"end":{"line":7,"column":26}},"3":{"start":{"line":8,"column":4},"end":{"line":8,"column":18}},"4":{"start":{"line":9,"column":4},"end":{"line":9,"column":39}},"5":{"start":{"line":10,"column":4},"end":{"line":10,"column":32}},"6":{"start":{"line":11,"column":4},"end":{"line":11,"column":42}},"7":{"start":{"line":12,"column":4},"end":{"line":12,"column":30}},"8":{"start":{"line":16,"column":4},"end":{"line":20,"column":5}},"9":{"start":{"line":17,"column":6},"end":{"line":19,"column":7}},"10":{"start":{"line":21,"column":4},"end":{"line":21,"column":53}},"11":{"start":{"line":26,"column":4},"end":{"line":28,"column":5}},"12":{"start":{"line":27,"column":6},"end":{"line":27,"column":49}},"13":{"start":{"line":30,"column":20},"end":{"line":30,"column":40}},"14":{"start":{"line":31,"column":4},"end":{"line":31,"column":23}},"15":{"start":{"line":32,"column":4},"end":{"line":32,"column":51}},"16":{"start":{"line":33,"column":4},"end":{"line":33,"column":15}},"17":{"start":{"line":38,"column":18},"end":{"line":38,"column":38}},"18":{"start":{"line":39,"column":19},"end":{"line":39,"column":44}},"19":{"start":{"line":40,"column":4},"end":{"line":40,"column":63}},"20":{"start":{"line":45,"column":19},"end":{"line":45,"column":32}},"21":{"start":{"line":46,"column":20},"end":{"line":46,"column":38}},"22":{"start":{"line":48,"column":4},"end":{"line":54,"column":5}},"23":{"start":{"line":49,"column":6},"end":{"line":51,"column":7}},"24":{"start":{"line":50,"column":8},"end":{"line":50,"column":20}},"25":{"start":{"line":52,"column":6},"end":{"line":52,"column":30}},"26":{"start":{"line":53,"column":6},"end":{"line":53,"column":32}},"27":{"start":{"line":55,"column":4},"end":{"line":57,"column":5}},"28":{"start":{"line":56,"column":6},"end":{"line":56,"column":17}},"29":{"start":{"line":58,"column":4},"end":{"line":58,"column":16}},"30":{"start":{"line":62,"column":30},"end":{"line":62,"column":32}},"31":{"start":{"line":63,"column":15},"end":{"line":63,"column":28}},"32":{"start":{"line":64,"column":4},"end":{"line":64,"column":38}},"33":{"start":{"line":65,"column":4},"end":{"line":68,"column":5}},"34":{"start":{"line":66,"column":6},"end":{"line":66,"column":22}},"35":{"start":{"line":67,"column":6},"end":{"line":67,"column":40}},"36":{"start":{"line":69,"column":4},"end":{"line":69,"column":30}},"37":{"start":{"line":73,"column":4},"end":{"line":75,"column":5}},"38":{"start":{"line":74,"column":6},"end":{"line":74,"column":106}},"39":{"start":{"line":78,"column":4},"end":{"line":78,"column":47}},"40":{"start":{"line":81,"column":4},"end":{"line":81,"column":15}},"41":{"start":{"line":86,"column":4},"end":{"line":86,"column":24}},"42":{"start":{"line":90,"column":4},"end":{"line":90,"column":24}},"43":{"start":{"line":94,"column":4},"end":{"line":94,"column":31}},"44":{"start":{"line":98,"column":4},"end":{"line":102,"column":5}},"45":{"start":{"line":99,"column":6},"end":{"line":99,"column":40}},"46":{"start":{"line":101,"column":6},"end":{"line":101,"column":73}},"47":{"start":{"line":103,"column":4},"end":{"line":103,"column":29}},"48":{"start":{"line":104,"column":4},"end":{"line":104,"column":15}},"49":{"start":{"line":108,"column":4},"end":{"line":112,"column":5}},"50":{"start":{"line":109,"column":6},"end":{"line":109,"column":40}},"51":{"start":{"line":111,"column":6},"end":{"line":111,"column":68}},"52":{"start":{"line":113,"column":4},"end":{"line":113,"column":29}},"53":{"start":{"line":114,"column":4},"end":{"line":114,"column":15}},"54":{"start":{"line":118,"column":4},"end":{"line":118,"column":30}},"55":{"start":{"line":119,"column":4},"end":{"line":119,"column":35}},"56":{"start":{"line":123,"column":4},"end":{"line":125,"column":5}},"57":{"start":{"line":124,"column":6},"end":{"line":124,"column":58}},"58":{"start":{"line":126,"column":4},"end":{"line":126,"column":45}},"59":{"start":{"line":126,"column":17},"end":{"line":126,"column":18}},"60":{"start":{"line":130,"column":4},"end":{"line":132,"column":5}},"61":{"start":{"line":131,"column":6},"end":{"line":131,"column":61}},"62":{"start":{"line":133,"column":4},"end":{"line":133,"column":45}},"63":{"start":{"line":133,"column":17},"end":{"line":133,"column":18}},"64":{"start":{"line":138,"column":4},"end":{"line":138,"column":28}},"65":{"start":{"line":141,"column":4},"end":{"line":143,"column":6}},"66":{"start":{"line":146,"column":4},"end":{"line":148,"column":6}},"67":{"start":{"line":153,"column":20},"end":{"line":153,"column":22}},"68":{"start":{"line":154,"column":19},"end":{"line":154,"column":32}},"69":{"start":{"line":155,"column":12},"end":{"line":155,"column":13}},"70":{"start":{"line":157,"column":4},"end":{"line":173,"column":5}},"71":{"start":{"line":158,"column":21},"end":{"line":158,"column":51}},"72":{"start":{"line":159,"column":24},"end":{"line":159,"column":54}},"73":{"start":{"line":161,"column":6},"end":{"line":163,"column":7}},"74":{"start":{"line":162,"column":8},"end":{"line":162,"column":27}},"75":{"start":{"line":165,"column":6},"end":{"line":167,"column":7}},"76":{"start":{"line":166,"column":8},"end":{"line":166,"column":33}},"77":{"start":{"line":169,"column":6},"end":{"line":169,"column":44}},"78":{"start":{"line":170,"column":6},"end":{"line":170,"column":44}},"79":{"start":{"line":172,"column":6},"end":{"line":172,"column":30}},"80":{"start":{"line":175,"column":4},"end":{"line":177,"column":5}},"81":{"start":{"line":176,"column":6},"end":{"line":176,"column":25}},"82":{"start":{"line":178,"column":4},"end":{"line":180,"column":5}},"83":{"start":{"line":179,"column":6},"end":{"line":179,"column":31}},"84":{"start":{"line":181,"column":4},"end":{"line":181,"column":44}},"85":{"start":{"line":182,"column":4},"end":{"line":182,"column":20}},"86":{"start":{"line":186,"column":24},"end":{"line":186,"column":40}},"87":{"start":{"line":188,"column":4},"end":{"line":192,"column":5}},"88":{"start":{"line":189,"column":6},"end":{"line":189,"column":69}},"89":{"start":{"line":191,"column":6},"end":{"line":191,"column":71}},"90":{"start":{"line":193,"column":4},"end":{"line":193,"column":30}},"91":{"start":{"line":194,"column":4},"end":{"line":194,"column":30}},"92":{"start":{"line":195,"column":4},"end":{"line":197,"column":5}},"93":{"start":{"line":196,"column":6},"end":{"line":196,"column":29}},"94":{"start":{"line":198,"column":4},"end":{"line":198,"column":28}},"95":{"start":{"line":199,"column":4},"end":{"line":199,"column":15}},"96":{"start":{"line":204,"column":4},"end":{"line":213,"column":5}},"97":{"start":{"line":206,"column":8},"end":{"line":211,"column":9}},"98":{"start":{"line":207,"column":10},"end":{"line":207,"column":67}},"99":{"start":{"line":209,"column":10},"end":{"line":209,"column":24}},"100":{"start":{"line":210,"column":10},"end":{"line":210,"column":31}},"101":{"start":{"line":219,"column":15},"end":{"line":219,"column":28}},"102":{"start":{"line":220,"column":4},"end":{"line":222,"column":5}},"103":{"start":{"line":221,"column":6},"end":{"line":221,"column":22}},"104":{"start":{"line":223,"column":4},"end":{"line":223,"column":15}},"105":{"start":{"line":228,"column":4},"end":{"line":232,"column":5}},"106":{"start":{"line":229,"column":6},"end":{"line":231,"column":7}},"107":{"start":{"line":233,"column":24},"end":{"line":233,"column":40}},"108":{"start":{"line":234,"column":20},"end":{"line":236,"column":26}},"109":{"start":{"line":237,"column":4},"end":{"line":237,"column":30}},"110":{"start":{"line":238,"column":4},"end":{"line":238,"column":30}},"111":{"start":{"line":239,"column":4},"end":{"line":239,"column":27}},"112":{"start":{"line":240,"column":4},"end":{"line":240,"column":28}},"113":{"start":{"line":241,"column":4},"end":{"line":241,"column":15}},"114":{"start":{"line":245,"column":4},"end":{"line":249,"column":5}},"115":{"start":{"line":246,"column":6},"end":{"line":248,"column":7}},"116":{"start":{"line":250,"column":24},"end":{"line":250,"column":40}},"117":{"start":{"line":252,"column":6},"end":{"line":254,"column":28}},"118":{"start":{"line":255,"column":4},"end":{"line":255,"column":30}},"119":{"start":{"line":256,"column":4},"end":{"line":256,"column":30}},"120":{"start":{"line":257,"column":4},"end":{"line":257,"column":27}},"121":{"start":{"line":258,"column":4},"end":{"line":258,"column":28}},"122":{"start":{"line":259,"column":4},"end":{"line":259,"column":15}},"123":{"start":{"line":264,"column":20},"end":{"line":264,"column":39}},"124":{"start":{"line":265,"column":4},"end":{"line":265,"column":42}},"125":{"start":{"line":266,"column":4},"end":{"line":266,"column":15}},"126":{"start":{"line":276,"column":4},"end":{"line":284,"column":5}},"127":{"start":{"line":277,"column":6},"end":{"line":277,"column":17}},"128":{"start":{"line":278,"column":11},"end":{"line":284,"column":5}},"129":{"start":{"line":279,"column":6},"end":{"line":279,"column":17}},"130":{"start":{"line":281,"column":22},"end":{"line":281,"column":44}},"131":{"start":{"line":282,"column":6},"end":{"line":282,"column":47}},"132":{"start":{"line":283,"column":6},"end":{"line":283,"column":17}},"133":{"start":{"line":288,"column":4},"end":{"line":288,"column":39}},"134":{"start":{"line":299,"column":15},"end":{"line":299,"column":23}},"135":{"start":{"line":300,"column":14},"end":{"line":300,"column":16}},"136":{"start":{"line":301,"column":4},"end":{"line":304,"column":5}},"137":{"start":{"line":302,"column":6},"end":{"line":302,"column":28}},"138":{"start":{"line":303,"column":6},"end":{"line":303,"column":22}},"139":{"start":{"line":305,"column":4},"end":{"line":305,"column":14}},"140":{"start":{"line":308,"column":15},"end":{"line":308,"column":23}},"141":{"start":{"line":309,"column":4},"end":{"line":309,"column":14}},"142":{"start":{"line":310,"column":4},"end":{"line":313,"column":5}},"143":{"start":{"line":311,"column":6},"end":{"line":311,"column":22}},"144":{"start":{"line":312,"column":6},"end":{"line":312,"column":14}},"145":{"start":{"line":314,"column":4},"end":{"line":314,"column":17}},"146":{"start":{"line":320,"column":2},"end":{"line":320,"column":50}},"147":{"start":{"line":323,"column":32},"end":{"line":323,"column":72}}},"fnMap":{"0":{"name":"(anonymous_0)","decl":{"start":{"line":4,"column":2},"end":{"line":4,"column":3}},"loc":{"start":{"line":4,"column":27},"end":{"line":13,"column":3}},"line":4},"1":{"name":"(anonymous_1)","decl":{"start":{"line":15,"column":2},"end":{"line":15,"column":3}},"loc":{"start":{"line":15,"column":14},"end":{"line":22,"column":3}},"line":15},"2":{"name":"(anonymous_2)","decl":{"start":{"line":25,"column":2},"end":{"line":25,"column":3}},"loc":{"start":{"line":25,"column":14},"end":{"line":34,"column":3}},"line":25},"3":{"name":"(anonymous_3)","decl":{"start":{"line":37,"column":2},"end":{"line":37,"column":3}},"loc":{"start":{"line":37,"column":20},"end":{"line":41,"column":3}},"line":37},"4":{"name":"(anonymous_4)","decl":{"start":{"line":44,"column":2},"end":{"line":44,"column":3}},"loc":{"start":{"line":44,"column":21},"end":{"line":59,"column":3}},"line":44},"5":{"name":"(anonymous_5)","decl":{"start":{"line":61,"column":2},"end":{"line":61,"column":3}},"loc":{"start":{"line":61,"column":12},"end":{"line":70,"column":3}},"line":61},"6":{"name":"(anonymous_6)","decl":{"start":{"line":72,"column":2},"end":{"line":72,"column":3}},"loc":{"start":{"line":72,"column":16},"end":{"line":82,"column":3}},"line":72},"7":{"name":"(anonymous_7)","decl":{"start":{"line":85,"column":2},"end":{"line":85,"column":3}},"loc":{"start":{"line":85,"column":16},"end":{"line":87,"column":3}},"line":85},"8":{"name":"(anonymous_8)","decl":{"start":{"line":89,"column":2},"end":{"line":89,"column":3}},"loc":{"start":{"line":89,"column":20},"end":{"line":91,"column":3}},"line":89},"9":{"name":"(anonymous_9)","decl":{"start":{"line":93,"column":2},"end":{"line":93,"column":3}},"loc":{"start":{"line":93,"column":11},"end":{"line":95,"column":3}},"line":93},"10":{"name":"(anonymous_10)","decl":{"start":{"line":97,"column":2},"end":{"line":97,"column":3}},"loc":{"start":{"line":97,"column":9},"end":{"line":105,"column":3}},"line":97},"11":{"name":"(anonymous_11)","decl":{"start":{"line":107,"column":2},"end":{"line":107,"column":3}},"loc":{"start":{"line":107,"column":9},"end":{"line":115,"column":3}},"line":107},"12":{"name":"(anonymous_12)","decl":{"start":{"line":117,"column":2},"end":{"line":117,"column":3}},"loc":{"start":{"line":117,"column":17},"end":{"line":120,"column":3}},"line":117},"13":{"name":"(anonymous_13)","decl":{"start":{"line":122,"column":2},"end":{"line":122,"column":3}},"loc":{"start":{"line":122,"column":21},"end":{"line":127,"column":3}},"line":122},"14":{"name":"(anonymous_14)","decl":{"start":{"line":129,"column":2},"end":{"line":129,"column":3}},"loc":{"start":{"line":129,"column":24},"end":{"line":134,"column":3}},"line":129},"15":{"name":"(anonymous_15)","decl":{"start":{"line":137,"column":2},"end":{"line":137,"column":3}},"loc":{"start":{"line":137,"column":9},"end":{"line":139,"column":3}},"line":137},"16":{"name":"(anonymous_16)","decl":{"start":{"line":140,"column":2},"end":{"line":140,"column":3}},"loc":{"start":{"line":140,"column":13},"end":{"line":144,"column":3}},"line":140},"17":{"name":"(anonymous_17)","decl":{"start":{"line":145,"column":2},"end":{"line":145,"column":3}},"loc":{"start":{"line":145,"column":12},"end":{"line":149,"column":3}},"line":145},"18":{"name":"(anonymous_18)","decl":{"start":{"line":152,"column":2},"end":{"line":152,"column":3}},"loc":{"start":{"line":152,"column":14},"end":{"line":183,"column":3}},"line":152},"19":{"name":"(anonymous_19)","decl":{"start":{"line":185,"column":2},"end":{"line":185,"column":3}},"loc":{"start":{"line":185,"column":34},"end":{"line":200,"column":3}},"line":185},"20":{"name":"(anonymous_20)","decl":{"start":{"line":203,"column":2},"end":{"line":203,"column":3}},"loc":{"start":{"line":203,"column":22},"end":{"line":214,"column":3}},"line":203},"21":{"name":"(anonymous_21)","decl":{"start":{"line":205,"column":12},"end":{"line":205,"column":13}},"loc":{"start":{"line":205,"column":18},"end":{"line":212,"column":7}},"line":205},"22":{"name":"(anonymous_22)","decl":{"start":{"line":218,"column":2},"end":{"line":218,"column":3}},"loc":{"start":{"line":218,"column":14},"end":{"line":224,"column":3}},"line":218},"23":{"name":"(anonymous_23)","decl":{"start":{"line":227,"column":2},"end":{"line":227,"column":3}},"loc":{"start":{"line":227,"column":9},"end":{"line":242,"column":3}},"line":227},"24":{"name":"(anonymous_24)","decl":{"start":{"line":244,"column":2},"end":{"line":244,"column":3}},"loc":{"start":{"line":244,"column":9},"end":{"line":260,"column":3}},"line":244},"25":{"name":"(anonymous_25)","decl":{"start":{"line":263,"column":2},"end":{"line":263,"column":3}},"loc":{"start":{"line":263,"column":9},"end":{"line":267,"column":3}},"line":263},"26":{"name":"(anonymous_26)","decl":{"start":{"line":275,"column":2},"end":{"line":275,"column":3}},"loc":{"start":{"line":275,"column":18},"end":{"line":285,"column":3}},"line":275},"27":{"name":"(anonymous_27)","decl":{"start":{"line":287,"column":2},"end":{"line":287,"column":3}},"loc":{"start":{"line":287,"column":18},"end":{"line":289,"column":3}},"line":287},"28":{"name":"(anonymous_28)","decl":{"start":{"line":291,"column":2},"end":{"line":291,"column":3}},"loc":{"start":{"line":291,"column":13},"end":{"line":291,"column":15}},"line":291},"29":{"name":"(anonymous_29)","decl":{"start":{"line":294,"column":2},"end":{"line":294,"column":3}},"loc":{"start":{"line":294,"column":10},"end":{"line":294,"column":12}},"line":294},"30":{"name":"(anonymous_30)","decl":{"start":{"line":295,"column":2},"end":{"line":295,"column":3}},"loc":{"start":{"line":295,"column":10},"end":{"line":295,"column":12}},"line":295},"31":{"name":"(anonymous_31)","decl":{"start":{"line":296,"column":2},"end":{"line":296,"column":3}},"loc":{"start":{"line":296,"column":12},"end":{"line":296,"column":14}},"line":296},"32":{"name":"(anonymous_32)","decl":{"start":{"line":297,"column":2},"end":{"line":297,"column":3}},"loc":{"start":{"line":297,"column":11},"end":{"line":297,"column":13}},"line":297},"33":{"name":"(anonymous_33)","decl":{"start":{"line":298,"column":2},"end":{"line":298,"column":3}},"loc":{"start":{"line":298,"column":13},"end":{"line":306,"column":3}},"line":298},"34":{"name":"(anonymous_34)","decl":{"start":{"line":307,"column":2},"end":{"line":307,"column":3}},"loc":{"start":{"line":307,"column":12},"end":{"line":315,"column":3}},"line":307},"35":{"name":"isPartiallyPersistentList","decl":{"start":{"line":319,"column":16},"end":{"line":319,"column":41}},"loc":{"start":{"line":319,"column":49},"end":{"line":321,"column":1}},"line":319},"36":{"name":"(anonymous_36)","decl":{"start":{"line":323,"column":15},"end":{"line":323,"column":16}},"loc":{"start":{"line":323,"column":32},"end":{"line":323,"column":72}},"line":323}},"branchMap":{"0":{"loc":{"start":{"line":5,"column":35},"end":{"line":5,"column":52}},"type":"binary-expr","locations":[{"start":{"line":5,"column":35},"end":{"line":5,"column":46}},{"start":{"line":5,"column":50},"end":{"line":5,"column":52}}],"line":5},"1":{"loc":{"start":{"line":16,"column":4},"end":{"line":20,"column":5}},"type":"if","locations":[{"start":{"line":16,"column":4},"end":{"line":20,"column":5}},{"start":{},"end":{}}],"line":16},"2":{"loc":{"start":{"line":26,"column":4},"end":{"line":28,"column":5}},"type":"if","locations":[{"start":{"line":26,"column":4},"end":{"line":28,"column":5}},{"start":{},"end":{}}],"line":26},"3":{"loc":{"start":{"line":49,"column":6},"end":{"line":51,"column":7}},"type":"if","locations":[{"start":{"line":49,"column":6},"end":{"line":51,"column":7}},{"start":{},"end":{}}],"line":49},"4":{"loc":{"start":{"line":55,"column":4},"end":{"line":57,"column":5}},"type":"if","locations":[{"start":{"line":55,"column":4},"end":{"line":57,"column":5}},{"start":{},"end":{}}],"line":55},"5":{"loc":{"start":{"line":73,"column":4},"end":{"line":75,"column":5}},"type":"if","locations":[{"start":{"line":73,"column":4},"end":{"line":75,"column":5}},{"start":{},"end":{}}],"line":73},"6":{"loc":{"start":{"line":73,"column":8},"end":{"line":73,"column":66}},"type":"binary-expr","locations":[{"start":{"line":73,"column":8},"end":{"line":73,"column":41}},{"start":{"line":73,"column":45},"end":{"line":73,"column":66}}],"line":73},"7":{"loc":{"start":{"line":98,"column":4},"end":{"line":102,"column":5}},"type":"if","locations":[{"start":{"line":98,"column":4},"end":{"line":102,"column":5}},{"start":{"line":100,"column":11},"end":{"line":102,"column":5}}],"line":98},"8":{"loc":{"start":{"line":108,"column":4},"end":{"line":112,"column":5}},"type":"if","locations":[{"start":{"line":108,"column":4},"end":{"line":112,"column":5}},{"start":{"line":110,"column":11},"end":{"line":112,"column":5}}],"line":108},"9":{"loc":{"start":{"line":123,"column":4},"end":{"line":125,"column":5}},"type":"if","locations":[{"start":{"line":123,"column":4},"end":{"line":125,"column":5}},{"start":{},"end":{}}],"line":123},"10":{"loc":{"start":{"line":130,"column":4},"end":{"line":132,"column":5}},"type":"if","locations":[{"start":{"line":130,"column":4},"end":{"line":132,"column":5}},{"start":{},"end":{}}],"line":130},"11":{"loc":{"start":{"line":161,"column":6},"end":{"line":163,"column":7}},"type":"if","locations":[{"start":{"line":161,"column":6},"end":{"line":163,"column":7}},{"start":{},"end":{}}],"line":161},"12":{"loc":{"start":{"line":165,"column":6},"end":{"line":167,"column":7}},"type":"if","locations":[{"start":{"line":165,"column":6},"end":{"line":167,"column":7}},{"start":{},"end":{}}],"line":165},"13":{"loc":{"start":{"line":175,"column":4},"end":{"line":177,"column":5}},"type":"if","locations":[{"start":{"line":175,"column":4},"end":{"line":177,"column":5}},{"start":{},"end":{}}],"line":175},"14":{"loc":{"start":{"line":178,"column":4},"end":{"line":180,"column":5}},"type":"if","locations":[{"start":{"line":178,"column":4},"end":{"line":180,"column":5}},{"start":{},"end":{}}],"line":178},"15":{"loc":{"start":{"line":188,"column":4},"end":{"line":192,"column":5}},"type":"if","locations":[{"start":{"line":188,"column":4},"end":{"line":192,"column":5}},{"start":{"line":190,"column":11},"end":{"line":192,"column":5}}],"line":188},"16":{"loc":{"start":{"line":195,"column":4},"end":{"line":197,"column":5}},"type":"if","locations":[{"start":{"line":195,"column":4},"end":{"line":197,"column":5}},{"start":{},"end":{}}],"line":195},"17":{"loc":{"start":{"line":206,"column":8},"end":{"line":211,"column":9}},"type":"if","locations":[{"start":{"line":206,"column":8},"end":{"line":211,"column":9}},{"start":{"line":208,"column":15},"end":{"line":211,"column":9}}],"line":206},"18":{"loc":{"start":{"line":228,"column":4},"end":{"line":232,"column":5}},"type":"if","locations":[{"start":{"line":228,"column":4},"end":{"line":232,"column":5}},{"start":{},"end":{}}],"line":228},"19":{"loc":{"start":{"line":234,"column":20},"end":{"line":236,"column":26}},"type":"cond-expr","locations":[{"start":{"line":235,"column":8},"end":{"line":235,"column":49}},{"start":{"line":236,"column":8},"end":{"line":236,"column":26}}],"line":234},"20":{"loc":{"start":{"line":245,"column":4},"end":{"line":249,"column":5}},"type":"if","locations":[{"start":{"line":245,"column":4},"end":{"line":249,"column":5}},{"start":{},"end":{}}],"line":245},"21":{"loc":{"start":{"line":252,"column":6},"end":{"line":254,"column":28}},"type":"cond-expr","locations":[{"start":{"line":253,"column":10},"end":{"line":253,"column":55}},{"start":{"line":254,"column":10},"end":{"line":254,"column":28}}],"line":252},"22":{"loc":{"start":{"line":276,"column":4},"end":{"line":284,"column":5}},"type":"if","locations":[{"start":{"line":276,"column":4},"end":{"line":284,"column":5}},{"start":{"line":278,"column":11},"end":{"line":284,"column":5}}],"line":276},"23":{"loc":{"start":{"line":278,"column":11},"end":{"line":284,"column":5}},"type":"if","locations":[{"start":{"line":278,"column":11},"end":{"line":284,"column":5}},{"start":{"line":280,"column":11},"end":{"line":284,"column":5}}],"line":278},"24":{"loc":{"start":{"line":320,"column":9},"end":{"line":320,"column":50}},"type":"binary-expr","locations":[{"start":{"line":320,"column":9},"end":{"line":320,"column":41}},{"start":{"line":320,"column":45},"end":{"line":320,"column":50}}],"line":320}},"s":{"0":1,"1":1,"2":1,"3":1,"4":1,"5":1,"6":1,"7":1,"8":1,"9":0,"10":1,"11":0,"12":0,"13":0,"14":0,"15":0,"16":0,"17":0,"18":0,"19":0,"20":0,"21":0,"22":0,"23":0,"24":0,"25":0,"26":0,"27":0,"28":0,"29":0,"30":0,"31":0,"32":0,"33":0,"34":0,"35":0,"36":0,"37":0,"38":0,"39":0,"40":0,"41":0,"42":0,"43":0,"44":0,"45":0,"46":0,"47":0,"48":0,"49":0,"50":0,"51":0,"52":0,"53":0,"54":0,"55":0,"56":0,"57":0,"58":0,"59":0,"60":0,"61":0,"62":0,"63":0,"64":0,"65":2,"66":0,"67":2,"68":2,"69":2,"70":2,"71":1,"72":1,"73":1,"74":1,"75":1,"76":0,"77":1,"78":1,"79":1,"80":2,"81":1,"82":2,"83":2,"84":2,"85":2,"86":1,"87":1,"88":0,"89":1,"90":1,"91":1,"92":1,"93":1,"94":1,"95":1,"96":0,"97":0,"98":0,"99":0,"100":0,"101":13,"102":13,"103":5,"104":13,"105":0,"106":0,"107":0,"108":0,"109":0,"110":0,"111":0,"112":0,"113":0,"114":0,"115":0,"116":0,"117":0,"118":0,"119":0,"120":0,"121":0,"122":0,"123":0,"124":0,"125":0,"126":0,"127":0,"128":0,"129":0,"130":0,"131":0,"132":0,"133":0,"134":0,"135":0,"136":0,"137":0,"138":0,"139":0,"140":0,"141":0,"142":0,"143":0,"144":0,"145":0,"146":0,"147":1},"f":{"0":1,"1":1,"2":0,"3":0,"4":0,"5":0,"6":0,"7":0,"8":0,"9":0,"10":0,"11":0,"12":0,"13":0,"14":0,"15":0,"16":2,"17":0,"18":2,"19":1,"20":0,"21":0,"22":13,"23":0,"24":0,"25":0,"26":0,"27":0,"28":0,"29":0,"30":0,"31":0,"32":0,"33":0,"34":0,"35":0,"36":1},"b":{"0":[1,0],"1":[0,1],"2":[0,0],"3":[0,0],"4":[0,0],"5":[0,0],"6":[0,0],"7":[0,0],"8":[0,0],"9":[0,0],"10":[0,0],"11":[1,0],"12":[0,1],"13":[1,1],"14":[2,0],"15":[0,1],"16":[1,0],"17":[0,0],"18":[0,0],"19":[0,0],"20":[0,0],"21":[0,0],"22":[0,0],"23":[0,0],"24":[0,0]},"_coverageSchema":"1a1c01bbd47fc00a2c39e90264f33305004495a9","hash":"d673ed8d874f98b9f60306f3db1110945d328763"}
}
