TN:
SF:src/index.js
FNF:0
FNH:0
LF:0
LH:0
BRF:0
BRH:0
end_of_record
TN:
SF:src/nodes.js
FN:4,(anonymous_0)
FN:12,(anonymous_1)
FN:16,(anonymous_2)
FN:20,(anonymous_3)
FN:25,(anonymous_4)
FN:29,(anonymous_5)
FN:39,(anonymous_6)
FNF:7
FNH:4
FNDA:4,(anonymous_0)
FNDA:3,(anonymous_1)
FNDA:0,(anonymous_2)
FNDA:12,(anonymous_3)
FNDA:0,(anonymous_4)
FNDA:0,(anonymous_5)
FNDA:4,(anonymous_6)
DA:5,4
DA:6,4
DA:7,4
DA:8,4
DA:9,4
DA:13,3
DA:17,0
DA:21,12
DA:26,0
DA:30,0
DA:39,4
DA:41,3
LF:12
LH:9
BRDA:13,0,0,2
BRDA:13,0,1,1
BRF:2
BRH:2
end_of_record
TN:
SF:src/partialPersistence/PartiallyPersistentList.js
FN:4,(anonymous_0)
FN:15,(anonymous_1)
FN:25,(anonymous_2)
FN:37,(anonymous_3)
FN:44,(anonymous_4)
FN:61,(anonymous_5)
FN:72,(anonymous_6)
FN:85,(anonymous_7)
FN:89,(anonymous_8)
FN:93,(anonymous_9)
FN:97,(anonymous_10)
FN:107,(anonymous_11)
FN:117,(anonymous_12)
FN:122,(anonymous_13)
FN:129,(anonymous_14)
FN:137,(anonymous_15)
FN:140,(anonymous_16)
FN:145,(anonymous_17)
FN:152,(anonymous_18)
FN:185,(anonymous_19)
FN:203,(anonymous_20)
FN:205,(anonymous_21)
FN:218,(anonymous_22)
FN:227,(anonymous_23)
FN:244,(anonymous_24)
FN:263,(anonymous_25)
FN:275,(anonymous_26)
FN:287,(anonymous_27)
FN:291,(anonymous_28)
FN:294,(anonymous_29)
FN:295,(anonymous_30)
FN:296,(anonymous_31)
FN:297,(anonymous_32)
FN:298,(anonymous_33)
FN:307,(anonymous_34)
FN:319,isPartiallyPersistentList
FN:323,(anonymous_36)
FNF:37
FNH:7
FNDA:1,(anonymous_0)
FNDA:1,(anonymous_1)
FNDA:0,(anonymous_2)
FNDA:0,(anonymous_3)
FNDA:0,(anonymous_4)
FNDA:0,(anonymous_5)
FNDA:0,(anonymous_6)
FNDA:0,(anonymous_7)
FNDA:0,(anonymous_8)
FNDA:0,(anonymous_9)
FNDA:0,(anonymous_10)
FNDA:0,(anonymous_11)
FNDA:0,(anonymous_12)
FNDA:0,(anonymous_13)
FNDA:0,(anonymous_14)
FNDA:0,(anonymous_15)
FNDA:2,(anonymous_16)
FNDA:0,(anonymous_17)
FNDA:2,(anonymous_18)
FNDA:1,(anonymous_19)
FNDA:0,(anonymous_20)
FNDA:0,(anonymous_21)
FNDA:13,(anonymous_22)
FNDA:0,(anonymous_23)
FNDA:0,(anonymous_24)
FNDA:0,(anonymous_25)
FNDA:0,(anonymous_26)
FNDA:0,(anonymous_27)
FNDA:0,(anonymous_28)
FNDA:0,(anonymous_29)
FNDA:0,(anonymous_30)
FNDA:0,(anonymous_31)
FNDA:0,(anonymous_32)
FNDA:0,(anonymous_33)
FNDA:0,(anonymous_34)
FNDA:0,isPartiallyPersistentList
FNDA:1,(anonymous_36)
DA:5,1
DA:6,1
DA:7,1
DA:8,1
DA:9,1
DA:10,1
DA:11,1
DA:12,1
DA:16,1
DA:17,0
DA:21,1
DA:26,0
DA:27,0
DA:30,0
DA:31,0
DA:32,0
DA:33,0
DA:38,0
DA:39,0
DA:40,0
DA:45,0
DA:46,0
DA:48,0
DA:49,0
DA:50,0
DA:52,0
DA:53,0
DA:55,0
DA:56,0
DA:58,0
DA:62,0
DA:63,0
DA:64,0
DA:65,0
DA:66,0
DA:67,0
DA:69,0
DA:73,0
DA:74,0
DA:78,0
DA:81,0
DA:86,0
DA:90,0
DA:94,0
DA:98,0
DA:99,0
DA:101,0
DA:103,0
DA:104,0
DA:108,0
DA:109,0
DA:111,0
DA:113,0
DA:114,0
DA:118,0
DA:119,0
DA:123,0
DA:124,0
DA:126,0
DA:130,0
DA:131,0
DA:133,0
DA:138,0
DA:141,2
DA:146,0
DA:153,2
DA:154,2
DA:155,2
DA:157,2
DA:158,1
DA:159,1
DA:161,1
DA:162,1
DA:165,1
DA:166,0
DA:169,1
DA:170,1
DA:172,1
DA:175,2
DA:176,1
DA:178,2
DA:179,2
DA:181,2
DA:182,2
DA:186,1
DA:188,1
DA:189,0
DA:191,1
DA:193,1
DA:194,1
DA:195,1
DA:196,1
DA:198,1
DA:199,1
DA:204,0
DA:206,0
DA:207,0
DA:209,0
DA:210,0
DA:219,13
DA:220,13
DA:221,5
DA:223,13
DA:228,0
DA:229,0
DA:233,0
DA:234,0
DA:237,0
DA:238,0
DA:239,0
DA:240,0
DA:241,0
DA:245,0
DA:246,0
DA:250,0
DA:252,0
DA:255,0
DA:256,0
DA:257,0
DA:258,0
DA:259,0
DA:264,0
DA:265,0
DA:266,0
DA:276,0
DA:277,0
DA:278,0
DA:279,0
DA:281,0
DA:282,0
DA:283,0
DA:288,0
DA:299,0
DA:300,0
DA:301,0
DA:302,0
DA:303,0
DA:305,0
DA:308,0
DA:309,0
DA:310,0
DA:311,0
DA:312,0
DA:314,0
DA:320,0
DA:323,1
LF:146
LH:43
BRDA:5,0,0,1
BRDA:5,0,1,0
BRDA:16,1,0,0
BRDA:16,1,1,1
BRDA:26,2,0,0
BRDA:26,2,1,0
BRDA:49,3,0,0
BRDA:49,3,1,0
BRDA:55,4,0,0
BRDA:55,4,1,0
BRDA:73,5,0,0
BRDA:73,5,1,0
BRDA:73,6,0,0
BRDA:73,6,1,0
BRDA:98,7,0,0
BRDA:98,7,1,0
BRDA:108,8,0,0
BRDA:108,8,1,0
BRDA:123,9,0,0
BRDA:123,9,1,0
BRDA:130,10,0,0
BRDA:130,10,1,0
BRDA:161,11,0,1
BRDA:161,11,1,0
BRDA:165,12,0,0
BRDA:165,12,1,1
BRDA:175,13,0,1
BRDA:175,13,1,1
BRDA:178,14,0,2
BRDA:178,14,1,0
BRDA:188,15,0,0
BRDA:188,15,1,1
BRDA:195,16,0,1
BRDA:195,16,1,0
BRDA:206,17,0,0
BRDA:206,17,1,0
BRDA:228,18,0,0
BRDA:228,18,1,0
BRDA:234,19,0,0
BRDA:234,19,1,0
BRDA:245,20,0,0
BRDA:245,20,1,0
BRDA:252,21,0,0
BRDA:252,21,1,0
BRDA:276,22,0,0
BRDA:276,22,1,0
BRDA:278,23,0,0
BRDA:278,23,1,0
BRDA:320,24,0,0
BRDA:320,24,1,0
BRF:50
BRH:9
end_of_record
