TN:
SF:src/index.js
FNF:0
FNH:0
LF:0
LH:0
BRF:0
BRH:0
end_of_record
TN:
SF:src/nodes.js
FN:4,(anonymous_0)
FN:12,(anonymous_1)
FN:16,(anonymous_2)
FN:20,(anonymous_3)
FN:25,(anonymous_4)
FN:29,(anonymous_5)
FN:34,(anonymous_6)
FNF:7
FNH:4
FNDA:19,(anonymous_0)
FNDA:9,(anonymous_1)
FNDA:0,(anonymous_2)
FNDA:27,(anonymous_3)
FNDA:0,(anonymous_4)
FNDA:0,(anonymous_5)
FNDA:19,(anonymous_6)
DA:5,19
DA:6,19
DA:7,19
DA:8,19
DA:9,19
DA:13,9
DA:17,0
DA:21,27
DA:26,0
DA:30,0
DA:34,19
DA:36,3
LF:12
LH:9
BRDA:13,0,0,4
BRDA:13,0,1,5
BRF:2
BRH:2
end_of_record
TN:
SF:src/partialPersistence/PartiallyPersistentList.js
FN:4,(anonymous_0)
FN:15,(anonymous_1)
FN:25,(anonymous_2)
FN:37,(anonymous_3)
FN:44,(anonymous_4)
FN:61,(anonymous_5)
FN:72,(anonymous_6)
FN:85,(anonymous_7)
FN:88,(anonymous_8)
FN:91,(anonymous_9)
FN:94,(anonymous_10)
FN:103,(anonymous_11)
FN:112,(anonymous_12)
FN:117,(anonymous_13)
FN:124,(anonymous_14)
FN:132,(anonymous_15)
FN:135,(anonymous_16)
FN:138,(anonymous_17)
FN:143,(anonymous_18)
FN:160,(anonymous_19)
FN:178,(anonymous_20)
FN:180,(anonymous_21)
FN:193,(anonymous_22)
FN:202,(anonymous_23)
FN:219,(anonymous_24)
FN:238,(anonymous_25)
FN:250,(anonymous_26)
FN:262,(anonymous_27)
FN:266,(anonymous_28)
FN:269,(anonymous_29)
FN:270,(anonymous_30)
FN:271,(anonymous_31)
FN:272,(anonymous_32)
FN:273,(anonymous_33)
FN:282,(anonymous_34)
FN:294,isPartiallyPersistentList
FN:298,(anonymous_36)
FNF:37
FNH:13
FNDA:10,(anonymous_0)
FNDA:7,(anonymous_1)
FNDA:0,(anonymous_2)
FNDA:0,(anonymous_3)
FNDA:0,(anonymous_4)
FNDA:0,(anonymous_5)
FNDA:0,(anonymous_6)
FNDA:0,(anonymous_7)
FNDA:1,(anonymous_8)
FNDA:7,(anonymous_9)
FNDA:1,(anonymous_10)
FNDA:0,(anonymous_11)
FNDA:0,(anonymous_12)
FNDA:0,(anonymous_13)
FNDA:0,(anonymous_14)
FNDA:5,(anonymous_15)
FNDA:3,(anonymous_16)
FNDA:1,(anonymous_17)
FNDA:4,(anonymous_18)
FNDA:7,(anonymous_19)
FNDA:0,(anonymous_20)
FNDA:0,(anonymous_21)
FNDA:48,(anonymous_22)
FNDA:0,(anonymous_23)
FNDA:0,(anonymous_24)
FNDA:0,(anonymous_25)
FNDA:0,(anonymous_26)
FNDA:0,(anonymous_27)
FNDA:0,(anonymous_28)
FNDA:0,(anonymous_29)
FNDA:0,(anonymous_30)
FNDA:0,(anonymous_31)
FNDA:0,(anonymous_32)
FNDA:0,(anonymous_33)
FNDA:0,(anonymous_34)
FNDA:1,isPartiallyPersistentList
FNDA:10,(anonymous_36)
DA:5,10
DA:6,10
DA:7,10
DA:8,10
DA:9,10
DA:10,10
DA:11,10
DA:12,10
DA:16,7
DA:17,0
DA:21,7
DA:26,0
DA:27,0
DA:30,0
DA:31,0
DA:32,0
DA:33,0
DA:38,0
DA:39,0
DA:40,0
DA:45,0
DA:46,0
DA:48,0
DA:49,0
DA:50,0
DA:52,0
DA:53,0
DA:55,0
DA:56,0
DA:58,0
DA:62,0
DA:63,0
DA:64,0
DA:65,0
DA:66,0
DA:67,0
DA:69,0
DA:73,0
DA:74,0
DA:78,0
DA:81,0
DA:86,0
DA:89,1
DA:92,7
DA:95,1
DA:96,1
DA:98,0
DA:100,1
DA:101,1
DA:104,0
DA:105,0
DA:107,0
DA:109,0
DA:110,0
DA:113,0
DA:114,0
DA:118,0
DA:119,0
DA:121,0
DA:125,0
DA:126,0
DA:128,0
DA:133,5
DA:136,3
DA:139,1
DA:144,4
DA:145,4
DA:146,4
DA:147,5
DA:148,0
DA:150,5
DA:151,5
DA:153,4
DA:154,3
DA:156,4
DA:157,4
DA:161,7
DA:163,7
DA:164,0
DA:166,7
DA:168,7
DA:169,7
DA:170,7
DA:171,7
DA:173,7
DA:174,7
DA:179,0
DA:181,0
DA:182,0
DA:184,0
DA:185,0
DA:194,48
DA:195,48
DA:196,33
DA:198,48
DA:203,0
DA:204,0
DA:208,0
DA:209,0
DA:212,0
DA:213,0
DA:214,0
DA:215,0
DA:216,0
DA:220,0
DA:221,0
DA:225,0
DA:227,0
DA:230,0
DA:231,0
DA:232,0
DA:233,0
DA:234,0
DA:239,0
DA:240,0
DA:241,0
DA:251,0
DA:252,0
DA:253,0
DA:254,0
DA:256,0
DA:257,0
DA:258,0
DA:263,0
DA:274,0
DA:275,0
DA:276,0
DA:277,0
DA:278,0
DA:280,0
DA:283,0
DA:284,0
DA:285,0
DA:286,0
DA:287,0
DA:289,0
DA:295,1
DA:298,10
LF:138
LH:44
BRDA:5,0,0,10
BRDA:5,0,1,2
BRDA:16,1,0,0
BRDA:16,1,1,7
BRDA:26,2,0,0
BRDA:26,2,1,0
BRDA:49,3,0,0
BRDA:49,3,1,0
BRDA:55,4,0,0
BRDA:55,4,1,0
BRDA:73,5,0,0
BRDA:73,5,1,0
BRDA:73,6,0,0
BRDA:73,6,1,0
BRDA:95,7,0,1
BRDA:95,7,1,0
BRDA:104,8,0,0
BRDA:104,8,1,0
BRDA:118,9,0,0
BRDA:118,9,1,0
BRDA:125,10,0,0
BRDA:125,10,1,0
BRDA:147,11,0,0
BRDA:147,11,1,5
BRDA:153,12,0,3
BRDA:153,12,1,1
BRDA:163,13,0,0
BRDA:163,13,1,7
BRDA:170,14,0,7
BRDA:170,14,1,0
BRDA:181,15,0,0
BRDA:181,15,1,0
BRDA:203,16,0,0
BRDA:203,16,1,0
BRDA:209,17,0,0
BRDA:209,17,1,0
BRDA:220,18,0,0
BRDA:220,18,1,0
BRDA:227,19,0,0
BRDA:227,19,1,0
BRDA:251,20,0,0
BRDA:251,20,1,0
BRDA:253,21,0,0
BRDA:253,21,1,0
BRDA:295,22,0,1
BRDA:295,22,1,0
BRF:46
BRH:10
end_of_record
